#
# A fatal error has been detected by the Java Runtime Environment:
#
#  Internal Error (javaClasses.cpp:126), pid=3440, tid=3420
#  fatal error: Invalid layout of preloaded class
#
# JRE version:  (8.0_25-b18) (build )
# Java VM: Java HotSpot(TM) 64-Bit Server VM (25.25-b02 mixed mode windows-amd64 compressed oops)
# Failed to write core dump. Minidumps are not enabled by default on client versions of Windows
#
# If you would like to submit a bug report, please visit:
#   http://bugreport.sun.com/bugreport/crash.jsp
#

---------------  T H R E A D  ---------------

Current thread (0x0000000002298000):  JavaThread "Unknown thread" [_thread_in_vm, id=3420, stack(0x0000000002410000,0x0000000002510000)]

Stack: [0x0000000002410000,0x0000000002510000]
[error occurred during error reporting (printing stack bounds), id 0xc0000005]

Native frames: (J=compiled Java code, j=interpreted, Vv=VM code, C=native code)
V  [jvm.dll+0x31667a]
V  [jvm.dll+0x267073]
V  [jvm.dll+0x267cb3]
V  [jvm.dll+0x288154]
C  [kernel32.dll+0x99490]
C  [ntdll.dll+0x943b8]
C  [ntdll.dll+0x185a8]
C  [ntdll.dll+0x29d0d]
C  [ntdll.dll+0x191af]
C  [ntdll.dll+0x51278]
V  [jvm.dll+0x206881]


---------------  P R O C E S S  ---------------

Java Threads: ( => current thread )

Other Threads:

=>0x0000000002298000 (exited) JavaThread "Unknown thread" [_thread_in_vm, id=3420, stack(0x0000000002410000,0x0000000002510000)]

VM state:not at safepoint (not fully initialized)

VM Mutex/Monitor currently owned by a thread: None

GC Heap History (0 events):
No events

Deoptimization events (0 events):
No events

Internal exceptions (0 events):
No events

Events (10 events):
Event: 0.011 loading class java/lang/CharSequence done
Event: 0.011 loading class java/lang/String done
Event: 0.011 loading class java/lang/Class
Event: 0.011 loading class java/lang/reflect/AnnotatedElement
Event: 0.011 loading class java/lang/reflect/AnnotatedElement done
Event: 0.011 loading class java/lang/reflect/GenericDeclaration
Event: 0.011 loading class java/lang/reflect/GenericDeclaration done
Event: 0.011 loading class java/lang/reflect/Type
Event: 0.011 loading class java/lang/reflect/Type done
Event: 0.011 loading class java/lang/Class done


Dynamic libraries:
0x000000013ff60000 - 0x000000013ff94000 	C:\Program Files\Java\jre1.8.0_25\bin\javaw.exe
0x0000000077330000 - 0x00000000774d9000 	C:\Windows\SYSTEM32\ntdll.dll
0x0000000077110000 - 0x000000007722f000 	C:\Windows\system32\kernel32.dll
0x000007fefd370000 - 0x000007fefd3db000 	C:\Windows\system32\KERNELBASE.dll
0x000007fefd8e0000 - 0x000007fefd9bb000 	C:\Windows\system32\ADVAPI32.dll
0x000007feff1d0000 - 0x000007feff26f000 	C:\Windows\system32\msvcrt.dll
0x000007fefd8c0000 - 0x000007fefd8df000 	C:\Windows\SYSTEM32\sechost.dll
0x000007feff420000 - 0x000007feff54d000 	C:\Windows\system32\RPCRT4.dll
0x0000000077230000 - 0x000000007732a000 	C:\Windows\system32\USER32.dll
0x000007fefd6d0000 - 0x000007fefd737000 	C:\Windows\system32\GDI32.dll
0x000007fefde40000 - 0x000007fefde4e000 	C:\Windows\system32\LPK.dll
0x000007fefdee0000 - 0x000007fefdfa9000 	C:\Windows\system32\USP10.dll
0x000007fefbc40000 - 0x000007fefbe34000 	C:\Windows\WinSxS\amd64_microsoft.windows.common-controls_6595b64144ccf1df_6.0.7601.17514_none_fa396087175ac9ac\COMCTL32.dll
0x000007feff270000 - 0x000007feff2e1000 	C:\Windows\system32\SHLWAPI.dll
0x000007fefdd00000 - 0x000007fefdd2e000 	C:\Windows\system32\IMM32.DLL
0x000007fefdd30000 - 0x000007fefde39000 	C:\Windows\system32\MSCTF.dll
0x000007fefd200000 - 0x000007fefd231000 	C:\Windows\system32\nvinitx.dll
0x000000000f000000 - 0x000000000f006000 	C:\Program Files\NVIDIA Corporation\CoProcManager\detoured.dll
0x000007fef9c30000 - 0x000007fef9c62000 	C:\Program Files\NVIDIA Corporation\CoProcManager\nvd3d9wrapx.dll
0x000007fefdfb0000 - 0x000007fefe187000 	C:\Windows\system32\SETUPAPI.dll
0x000007fefd330000 - 0x000007fefd366000 	C:\Windows\system32\CFGMGR32.dll
0x000007fefd9c0000 - 0x000007fefda97000 	C:\Windows\system32\OLEAUT32.dll
0x000007fefef20000 - 0x000007feff123000 	C:\Windows\system32\ole32.dll
0x000007fefd4c0000 - 0x000007fefd4da000 	C:\Windows\system32\DEVOBJ.dll
0x000007fef9c00000 - 0x000007fef9c22000 	C:\Program Files\NVIDIA Corporation\CoProcManager\nvdxgiwrapx.dll
0x000000006f7d0000 - 0x000000006f8a2000 	C:\Program Files\Java\jre1.8.0_25\bin\msvcr100.dll
0x0000000066480000 - 0x0000000066cda000 	C:\Program Files\Java\jre1.8.0_25\bin\server\jvm.dll
0x000007fef4a10000 - 0x000007fef4a19000 	C:\Windows\system32\WSOCK32.dll
0x000007feff5f0000 - 0x000007feff63d000 	C:\Windows\system32\WS2_32.dll
0x000007fefded0000 - 0x000007fefded8000 	C:\Windows\system32\NSI.dll
0x000007fefb540000 - 0x000007fefb57b000 	C:\Windows\system32\WINMM.dll
0x00000000774f0000 - 0x00000000774f7000 	C:\Windows\system32\PSAPI.DLL
0x0000000074350000 - 0x000000007435f000 	C:\Program Files\Java\jre1.8.0_25\bin\verify.dll
0x0000000071040000 - 0x0000000071068000 	C:\Program Files\Java\jre1.8.0_25\bin\java.dll
0x0000000071020000 - 0x0000000071036000 	C:\Program Files\Java\jre1.8.0_25\bin\zip.dll
0x000007feeee20000 - 0x000007feeef45000 	C:\Windows\system32\dbghelp.dll

VM Arguments:
jvm_args: -Dfile.encoding=Cp1252 -Xbootclasspath:C:\Android\adt-bundle-windows-x86_64-20140702\sdk\platforms\android-21\android.jar 
java_command: com.enolcasielles.educados.Jugador
java_class_path (initial): C:\Android\Proyectos\Educa\android-support-v7-appcompat\libs\android-support-v4.jar;C:\Android\Proyectos\Educa\EducaDos\libs\ParseCrashReporting-1.8.0.jar;C:\Android\Proyectos\Educa\EducaDos\libs\Parse-1.8.0.jar;C:\Android\Proyectos\Educa\android-support-v7-appcompat\libs\android-support-v7-appcompat.jar;C:\Android\Proyectos\Educa\EducaDos\libs\bolts-android-1.1.4.jar;C:\Android\Proyectos\Educa\android-support-v7-appcompat\bin\android-support-v7-appcompat.jar;C:\Android\APIS\Extensiones\AndEngineTexturePackerExtension-GLES2\bin\andenginetexturepackerextension.jar;C:\Android\APIS\AndEngine-GLES2\bin\andengine.jar;C:\Android\Proyectos\Educa\EducaDos\bin\classes
Launcher Type: SUN_STANDARD

Environment Variables:
JAVA_HOME=C:\Program Files\Java\jdk1.8.0_25
PATH=C:/Program Files/Java/jre1.8.0_25/bin/server;C:/Program Files/Java/jre1.8.0_25/bin;C:/Program Files/Java/jre1.8.0_25/lib/amd64;C:\ProgramData\Oracle\Java\javapath;C:\Program Files (x86)\NVIDIA Corporation\PhysX\Common;C:\Windows\system32;C:\Windows;C:\Windows\System32\Wbem;C:\Windows\System32\WindowsPowerShell\v1.0\;C:\Program Files (x86)\Intel\OpenCL SDK\2.0\bin\x86;C:\Program Files (x86)\Intel\OpenCL SDK\2.0\bin\x64;C:\Program Files\nodejs\;C:\Android\adt-bundle-windows-x86_64-20140702\sdk;C:\Program Files (x86)\Git\cmd;C:\Program Files\TortoiseGit\bin;C:\Android\adt-bundle-windows-x86_64-20140702\sdk\platform-tools;C:\Android\adt-bundle-windows-x86_64-20140702\sdk\tools;C:\Android\adt-bundle-windows-x86_64-20140702\sdk\tools\ant;C:\Program Files\Java\jdk1.8.0_25\bin;C:\Android\adt-bundle-windows-x86_64-20140702\sdk\tools\ant\bin;C:\Program Files\Google\Google Apps Sync\;C:\Program Files\Google\Google Apps Migration\;C:\Python27;C:\Android\android-ndk-r10c;C:\cygwin64\bin;C:\Cocoos2dx\cocos2d-x-3.4\tools\cocos2d-console\bin;C:\Program Files (x86)\Skype\Phone\;C:\Program Files (x86)\CodeAndWeb\TexturePacker\bin\;C:\Program Files\MongoDB\Server\3.0\bin;C:\Program Files (x86)\Microsoft Visual Studio 8\VC\vcpackages;C:\Program Files (x86)\Windows Kits\8.1\Windows Performance Toolkit\;C:\Program Files\Microsoft SQL Server\110\Tools\Binn\;C:\Program Files (x86)\Microsoft SDKs\TypeScript\1.0\;C:\Program Files\Microsoft SQL Server\120\Tools\Binn\;C:\Cocoos2dx\cocos2d-x-3.4\templates;C:\Cocoos2dx\cocos2d-x-3.4\tools\cocos2d-console\bin;C:\Users\Enol Casielles\AppData\Roaming\npm;C:\Android\adt-bundle-windows-x86_64-20140702\sdk\tools;C:\Android\adt-bundle-windows-x86_64-20140702\sdk\platform-tools;C:\Android\adt-bundle-windows-x86_64-20140702\sdk\tools\ant;;C:\Android\adt-bundle-windows-x86_64-20140702\eclipse;
USERNAME=Enol Casielles
OS=Windows_NT
PROCESSOR_IDENTIFIER=Intel64 Family 6 Model 42 Stepping 7, GenuineIntel



---------------  S Y S T E M  ---------------

OS: Windows 7 , 64 bit Build 7601 Service Pack 1

CPU:total 8 (4 cores per cpu, 2 threads per core) family 6 model 42 stepping 7, cmov, cx8, fxsr, mmx, sse, sse2, sse3, ssse3, sse4.1, sse4.2, popcnt, avx, clmul, ht, tsc, tscinvbit

Memory: 4k page, physical 4103976k(1476740k free), swap 8206108k(4715092k free)

vm_info: Java HotSpot(TM) 64-Bit Server VM (25.25-b02) for windows-amd64 JRE (1.8.0_25-b18), built on Oct  7 2014 14:25:37 by "java_re" with MS VC++ 10.0 (VS2010)

time: Fri May 22 17:22:15 2015
elapsed time: 0 seconds (0d 0h 0m 0s)

